<?xml version="1.0" encoding="UTF-8"?>
<!-- Generated by org.testng.reporters.JUnitReportReporter -->
<testsuite hostname="DESKTOP-V0K2UN1" failures="0" tests="2" name="backendTestScenarios.flightSearchResults" time="3.740" errors="0" timestamp="2023-12-23T22:55:54 EET" skipped="0">
  <testcase classname="backendTestScenarios.flightSearchResults" name="getFlightQueryMetaData" time="2.299"/>
  <testcase classname="backendTestScenarios.flightSearchResults" name="getFlightSearchResults" time="1.441"/>
</testsuite> <!-- backendTestScenarios.flightSearchResults -->
